0 info it worked if it ends with ok
1 verbose cli [ '/Users/diegohernandez/.nvm/versions/node/v7.0.0/bin/node',
1 verbose cli   '/Users/diegohernandez/.nvm/versions/node/v7.0.0/bin/npm',
1 verbose cli   'start' ]
2 info using npm@3.10.8
3 info using node@v7.0.0
4 verbose run-script [ 'prestart', 'start', 'poststart' ]
5 info lifecycle ibm-color-picker@0.0.1~prestart: ibm-color-picker@0.0.1
6 silly lifecycle ibm-color-picker@0.0.1~prestart: no script for prestart, continuing
7 info lifecycle ibm-color-picker@0.0.1~start: ibm-color-picker@0.0.1
8 verbose lifecycle ibm-color-picker@0.0.1~start: unsafe-perm in lifecycle true
9 verbose lifecycle ibm-color-picker@0.0.1~start: PATH: /Users/diegohernandez/.nvm/versions/node/v7.0.0/lib/node_modules/npm/bin/node-gyp-bin:/Users/diegohernandez/Documents/projects/ibmColorPicker/node_modules/.bin:/Users/diegohernandez/.rvm/gems/ruby-2.3.3/bin:/Users/diegohernandez/.rvm/gems/ruby-2.3.3@global/bin:/Users/diegohernandez/.rvm/rubies/ruby-2.3.3/bin:/Users/diegohernandez/.rvm/bin:/Users/diegohernandez/.nvm/versions/node/v7.0.0/bin:/usr/local/bin:/usr/bin:/bin:/usr/sbin:/sbin
10 verbose lifecycle ibm-color-picker@0.0.1~start: CWD: /Users/diegohernandez/Documents/projects/ibmColorPicker
11 silly lifecycle ibm-color-picker@0.0.1~start: Args: [ '-c', 'gulp' ]
12 silly lifecycle ibm-color-picker@0.0.1~start: Returned: code: 1  signal: null
13 info lifecycle ibm-color-picker@0.0.1~start: Failed to exec start script
14 verbose stack Error: ibm-color-picker@0.0.1 start: `gulp`
14 verbose stack Exit status 1
14 verbose stack     at EventEmitter.<anonymous> (/Users/diegohernandez/.nvm/versions/node/v7.0.0/lib/node_modules/npm/lib/utils/lifecycle.js:255:16)
14 verbose stack     at emitTwo (events.js:106:13)
14 verbose stack     at EventEmitter.emit (events.js:191:7)
14 verbose stack     at ChildProcess.<anonymous> (/Users/diegohernandez/.nvm/versions/node/v7.0.0/lib/node_modules/npm/lib/utils/spawn.js:40:14)
14 verbose stack     at emitTwo (events.js:106:13)
14 verbose stack     at ChildProcess.emit (events.js:191:7)
14 verbose stack     at maybeClose (internal/child_process.js:877:16)
14 verbose stack     at Process.ChildProcess._handle.onexit (internal/child_process.js:226:5)
15 verbose pkgid ibm-color-picker@0.0.1
16 verbose cwd /Users/diegohernandez/Documents/projects/ibmColorPicker
17 error Darwin 15.6.0
18 error argv "/Users/diegohernandez/.nvm/versions/node/v7.0.0/bin/node" "/Users/diegohernandez/.nvm/versions/node/v7.0.0/bin/npm" "start"
19 error node v7.0.0
20 error npm  v3.10.8
21 error code ELIFECYCLE
22 error ibm-color-picker@0.0.1 start: `gulp`
22 error Exit status 1
23 error Failed at the ibm-color-picker@0.0.1 start script 'gulp'.
23 error Make sure you have the latest version of node.js and npm installed.
23 error If you do, this is most likely a problem with the ibm-color-picker package,
23 error not with npm itself.
23 error Tell the author that this fails on your system:
23 error     gulp
23 error You can get information on how to open an issue for this project with:
23 error     npm bugs ibm-color-picker
23 error Or if that isn't available, you can get their info via:
23 error     npm owner ls ibm-color-picker
23 error There is likely additional logging output above.
24 verbose exit [ 1, true ]
